[2025-10-01 21:41:00] local.ERROR: SQLSTATE[HY000] [1045] Access denied for user 'root'@'localhost' (using password: NO) (Connection: mysql, SQL: select exists (select 1 from information_schema.tables where table_schema = schema() and table_name = 'language_lines' and table_type in ('BASE TABLE', 'SYSTEM VERSIONED')) as `exists`) (View: /home/devonlinetestserver-gig/htdocs/gig.devonlinetestserver.com/vendor/laravel/framework/src/Illuminate/Foundation/Exceptions/views/404.blade.php) {"exception":"[object] (Illuminate\\View\\ViewException(code: 0): SQLSTATE[HY000] [1045] Access denied for user 'root'@'localhost' (using password: NO) (Connection: mysql, SQL: select exists (select 1 from information_schema.tables where table_schema = schema() and table_name = 'language_lines' and table_type in ('BASE TABLE', 'SYSTEM VERSIONED')) as `exists`) (View: /home/devonlinetestserver-gig/htdocs/gig.devonlinetestserver.com/vendor/laravel/framework/src/Illuminate/Foundation/Exceptions/views/404.blade.php) at /home/devonlinetestserver-gig/htdocs/gig.devonlinetestserver.com/vendor/laravel/framework/src/Illuminate/Database/Connection.php:824)
[stacktrace]
#0 /home/devonlinetestserver-gig/htdocs/gig.devonlinetestserver.com/vendor/laravel/framework/src/Illuminate/View/Engines/PhpEngine.php(59): Illuminate\\View\\Engines\\CompilerEngine->handleViewException()
#1 /home/devonlinetestserver-gig/htdocs/gig.devonlinetestserver.com/vendor/laravel/framework/src/Illuminate/View/Engines/CompilerEngine.php(76): Illuminate\\View\\Engines\\PhpEngine->evaluatePath()
#2 /home/devonlinetestserver-gig/htdocs/gig.devonlinetestserver.com/vendor/laravel/framework/src/Illuminate/View/View.php(208): Illuminate\\View\\Engines\\CompilerEngine->get()
#3 /home/devonlinetestserver-gig/htdocs/gig.devonlinetestserver.com/vendor/laravel/framework/src/Illuminate/View/View.php(191): Illuminate\\View\\View->getContents()
#4 /home/devonlinetestserver-gig/htdocs/gig.devonlinetestserver.com/vendor/laravel/framework/src/Illuminate/View/View.php(160): Illuminate\\View\\View->renderContents()
#5 /home/devonlinetestserver-gig/htdocs/gig.devonlinetestserver.com/vendor/laravel/framework/src/Illuminate/Http/Response.php(78): Illuminate\\View\\View->render()
#6 /home/devonlinetestserver-gig/htdocs/gig.devonlinetestserver.com/vendor/laravel/framework/src/Illuminate/Http/Response.php(34): Illuminate\\Http\\Response->setContent()
#7 /home/devonlinetestserver-gig/htdocs/gig.devonlinetestserver.com/vendor/laravel/framework/src/Illuminate/Routing/ResponseFactory.php(61): Illuminate\\Http\\Response->__construct()
#8 /home/devonlinetestserver-gig/htdocs/gig.devonlinetestserver.com/vendor/laravel/framework/src/Illuminate/Routing/ResponseFactory.php(91): Illuminate\\Routing\\ResponseFactory->make()
#9 /home/devonlinetestserver-gig/htdocs/gig.devonlinetestserver.com/vendor/laravel/framework/src/Illuminate/Foundation/Exceptions/Handler.php(927): Illuminate\\Routing\\ResponseFactory->view()
#10 /home/devonlinetestserver-gig/htdocs/gig.devonlinetestserver.com/vendor/laravel/framework/src/Illuminate/Foundation/Exceptions/Handler.php(848): Illuminate\\Foundation\\Exceptions\\Handler->renderHttpException()
#11 /home/devonlinetestserver-gig/htdocs/gig.devonlinetestserver.com/vendor/laravel/framework/src/Illuminate/Foundation/Exceptions/Handler.php(739): Illuminate\\Foundation\\Exceptions\\Handler->prepareResponse()
#12 /home/devonlinetestserver-gig/htdocs/gig.devonlinetestserver.com/vendor/laravel/framework/src/Illuminate/Foundation/Exceptions/Handler.php(627): Illuminate\\Foundation\\Exceptions\\Handler->renderExceptionResponse()
#13 /home/devonlinetestserver-gig/htdocs/gig.devonlinetestserver.com/vendor/laravel/framework/src/Illuminate/Routing/Pipeline.php(51): Illuminate\\Foundation\\Exceptions\\Handler->render()
#14 /home/devonlinetestserver-gig/htdocs/gig.devonlinetestserver.com/vendor/laravel/framework/src/Illuminate/Pipeline/Pipeline.php(182): Illuminate\\Routing\\Pipeline->handleException()
#15 /home/devonlinetestserver-gig/htdocs/gig.devonlinetestserver.com/app/Http/Middleware/UpdateLastActivity.php(20): Illuminate\\Pipeline\\Pipeline->{closure:Illuminate\\Pipeline\\Pipeline::prepareDestination():178}()
#16 /home/devonlinetestserver-gig/htdocs/gig.devonlinetestserver.com/vendor/laravel/framework/src/Illuminate/Pipeline/Pipeline.php(219): App\\Http\\Middleware\\UpdateLastActivity->handle()
#17 /home/devonlinetestserver-gig/htdocs/gig.devonlinetestserver.com/vendor/laravel/framework/src/Illuminate/Foundation/Http/Middleware/TransformsRequest.php(21): Illuminate\\Pipeline\\Pipeline->{closure:{closure:Illuminate\\Pipeline\\Pipeline::carry():194}:195}()
#18 /home/devonlinetestserver-gig/htdocs/gig.devonlinetestserver.com/vendor/laravel/framework/src/Illuminate/Foundation/Http/Middleware/ConvertEmptyStringsToNull.php(31): Illuminate\\Foundation\\Http\\Middleware\\TransformsRequest->handle()
#19 /home/devonlinetestserver-gig/htdocs/gig.devonlinetestserver.com/vendor/laravel/framework/src/Illuminate/Pipeline/Pipeline.php(219): Illuminate\\Foundation\\Http\\Middleware\\ConvertEmptyStringsToNull->handle()
#20 /home/devonlinetestserver-gig/htdocs/gig.devonlinetestserver.com/vendor/laravel/framework/src/Illuminate/Foundation/Http/Middleware/TransformsRequest.php(21): Illuminate\\Pipeline\\Pipeline->{closure:{closure:Illuminate\\Pipeline\\Pipeline::carry():194}:195}()
#21 /home/devonlinetestserver-gig/htdocs/gig.devonlinetestserver.com/vendor/laravel/framework/src/Illuminate/Foundation/Http/Middleware/TrimStrings.php(51): Illuminate\\Foundation\\Http\\Middleware\\TransformsRequest->handle()
#22 /home/devonlinetestserver-gig/htdocs/gig.devonlinetestserver.com/vendor/laravel/framework/src/Illuminate/Pipeline/Pipeline.php(219): Illuminate\\Foundation\\Http\\Middleware\\TrimStrings->handle()
#23 /home/devonlinetestserver-gig/htdocs/gig.devonlinetestserver.com/vendor/laravel/framework/src/Illuminate/Http/Middleware/ValidatePostSize.php(27): Illuminate\\Pipeline\\Pipeline->{closure:{closure:Illuminate\\Pipeline\\Pipeline::carry():194}:195}()
#24 /home/devonlinetestserver-gig/htdocs/gig.devonlinetestserver.com/vendor/laravel/framework/src/Illuminate/Pipeline/Pipeline.php(219): Illuminate\\Http\\Middleware\\ValidatePostSize->handle()
#25 /home/devonlinetestserver-gig/htdocs/gig.devonlinetestserver.com/vendor/laravel/framework/src/Illuminate/Foundation/Http/Middleware/PreventRequestsDuringMaintenance.php(109): Illuminate\\Pipeline\\Pipeline->{closure:{closure:Illuminate\\Pipeline\\Pipeline::carry():194}:195}()
#26 /home/devonlinetestserver-gig/htdocs/gig.devonlinetestserver.com/vendor/laravel/framework/src/Illuminate/Pipeline/Pipeline.php(219): Illuminate\\Foundation\\Http\\Middleware\\PreventRequestsDuringMaintenance->handle()
#27 /home/devonlinetestserver-gig/htdocs/gig.devonlinetestserver.com/vendor/laravel/framework/src/Illuminate/Http/Middleware/HandleCors.php(48): Illuminate\\Pipeline\\Pipeline->{closure:{closure:Illuminate\\Pipeline\\Pipeline::carry():194}:195}()
#28 /home/devonlinetestserver-gig/htdocs/gig.devonlinetestserver.com/vendor/laravel/framework/src/Illuminate/Pipeline/Pipeline.php(219): Illuminate\\Http\\Middleware\\HandleCors->handle()
#29 /home/devonlinetestserver-gig/htdocs/gig.devonlinetestserver.com/vendor/laravel/framework/src/Illuminate/Http/Middleware/TrustProxies.php(58): Illuminate\\Pipeline\\Pipeline->{closure:{closure:Illuminate\\Pipeline\\Pipeline::carry():194}:195}()
#30 /home/devonlinetestserver-gig/htdocs/gig.devonlinetestserver.com/vendor/laravel/framework/src/Illuminate/Pipeline/Pipeline.php(219): Illuminate\\Http\\Middleware\\TrustProxies->handle()
#31 /home/devonlinetestserver-gig/htdocs/gig.devonlinetestserver.com/vendor/laravel/framework/src/Illuminate/Foundation/Http/Middleware/InvokeDeferredCallbacks.php(22): Illuminate\\Pipeline\\Pipeline->{closure:{closure:Illuminate\\Pipeline\\Pipeline::carry():194}:195}()
#32 /home/devonlinetestserver-gig/htdocs/gig.devonlinetestserver.com/vendor/laravel/framework/src/Illuminate/Pipeline/Pipeline.php(219): Illuminate\\Foundation\\Http\\Middleware\\InvokeDeferredCallbacks->handle()
#33 /home/devonlinetestserver-gig/htdocs/gig.devonlinetestserver.com/vendor/laravel/framework/src/Illuminate/Http/Middleware/ValidatePathEncoding.php(26): Illuminate\\Pipeline\\Pipeline->{closure:{closure:Illuminate\\Pipeline\\Pipeline::carry():194}:195}()
#34 /home/devonlinetestserver-gig/htdocs/gig.devonlinetestserver.com/vendor/laravel/framework/src/Illuminate/Pipeline/Pipeline.php(219): Illuminate\\Http\\Middleware\\ValidatePathEncoding->handle()
#35 /home/devonlinetestserver-gig/htdocs/gig.devonlinetestserver.com/vendor/laravel/framework/src/Illuminate/Pipeline/Pipeline.php(137): Illuminate\\Pipeline\\Pipeline->{closure:{closure:Illuminate\\Pipeline\\Pipeline::carry():194}:195}()
#36 /home/devonlinetestserver-gig/htdocs/gig.devonlinetestserver.com/vendor/laravel/framework/src/Illuminate/Foundation/Http/Kernel.php(175): Illuminate\\Pipeline\\Pipeline->then()
#37 /home/devonlinetestserver-gig/htdocs/gig.devonlinetestserver.com/vendor/laravel/framework/src/Illuminate/Foundation/Http/Kernel.php(144): Illuminate\\Foundation\\Http\\Kernel->sendRequestThroughRouter()
#38 /home/devonlinetestserver-gig/htdocs/gig.devonlinetestserver.com/vendor/laravel/framework/src/Illuminate/Foundation/Application.php(1220): Illuminate\\Foundation\\Http\\Kernel->handle()
#39 /home/devonlinetestserver-gig/htdocs/gig.devonlinetestserver.com/public/index.php(20): Illuminate\\Foundation\\Application->handleRequest()
#40 {main}

[previous exception] [object] (Illuminate\\Database\\QueryException(code: 1045): SQLSTATE[HY000] [1045] Access denied for user 'root'@'localhost' (using password: NO) (Connection: mysql, SQL: select exists (select 1 from information_schema.tables where table_schema = schema() and table_name = 'language_lines' and table_type in ('BASE TABLE', 'SYSTEM VERSIONED')) as `exists`) at /home/devonlinetestserver-gig/htdocs/gig.devonlinetestserver.com/vendor/laravel/framework/src/Illuminate/Database/Connection.php:824)
[stacktrace]
#0 /home/devonlinetestserver-gig/htdocs/gig.devonlinetestserver.com/vendor/laravel/framework/src/Illuminate/Database/Connection.php(978): Illuminate\\Database\\Connection->runQueryCallback()
#1 /home/devonlinetestserver-gig/htdocs/gig.devonlinetestserver.com/vendor/laravel/framework/src/Illuminate/Database/Connection.php(957): Illuminate\\Database\\Connection->tryAgainIfCausedByLostConnection()
#2 /home/devonlinetestserver-gig/htdocs/gig.devonlinetestserver.com/vendor/laravel/framework/src/Illuminate/Database/Connection.php(780): Illuminate\\Database\\Connection->handleQueryException()
#3 /home/devonlinetestserver-gig/htdocs/gig.devonlinetestserver.com/vendor/laravel/framework/src/Illuminate/Database/Connection.php(397): Illuminate\\Database\\Connection->run()
#4 /home/devonlinetestserver-gig/htdocs/gig.devonlinetestserver.com/vendor/laravel/framework/src/Illuminate/Database/Connection.php(343): Illuminate\\Database\\Connection->select()
#5 /home/devonlinetestserver-gig/htdocs/gig.devonlinetestserver.com/vendor/laravel/framework/src/Illuminate/Database/Connection.php(360): Illuminate\\Database\\Connection->selectOne()
#6 /home/devonlinetestserver-gig/htdocs/gig.devonlinetestserver.com/vendor/laravel/framework/src/Illuminate/Database/Schema/Builder.php(174): Illuminate\\Database\\Connection->scalar()
#7 /home/devonlinetestserver-gig/htdocs/gig.devonlinetestserver.com/vendor/laravel/framework/src/Illuminate/Support/Facades/Facade.php(363): Illuminate\\Database\\Schema\\Builder->hasTable()
#8 /home/devonlinetestserver-gig/htdocs/gig.devonlinetestserver.com/vendor/spatie/laravel-translation-loader/src/TranslationLoaderManager.php(37): Illuminate\\Support\\Facades\\Facade::__callStatic()
#9 /home/devonlinetestserver-gig/htdocs/gig.devonlinetestserver.com/vendor/laravel/framework/src/Illuminate/Translation/Translator.php(334): Spatie\\TranslationLoader\\TranslationLoaderManager->load()
#10 /home/devonlinetestserver-gig/htdocs/gig.devonlinetestserver.com/vendor/laravel/framework/src/Illuminate/Translation/Translator.php(156): Illuminate\\Translation\\Translator->load()
#11 /home/devonlinetestserver-gig/htdocs/gig.devonlinetestserver.com/vendor/laravel/framework/src/Illuminate/Foundation/helpers.php(997): Illuminate\\Translation\\Translator->get()
#12 /home/devonlinetestserver-gig/htdocs/gig.devonlinetestserver.com/vendor/laravel/framework/src/Illuminate/Foundation/helpers.php(1029): trans()
#13 /home/devonlinetestserver-gig/htdocs/gig.devonlinetestserver.com/public/C:\\xampp\\htdocs\\gig_mob_app\\storage\\framework\\views/966bd2ec90741e5e0e36b92e0bd674d3.php(1): __()
#14 /home/devonlinetestserver-gig/htdocs/gig.devonlinetestserver.com/vendor/laravel/framework/src/Illuminate/Filesystem/Filesystem.php(123): require('...')
#15 /home/devonlinetestserver-gig/htdocs/gig.devonlinetestserver.com/vendor/laravel/framework/src/Illuminate/Filesystem/Filesystem.php(124): Illuminate\\Filesystem\\Filesystem::{closure:Illuminate\\Filesystem\\Filesystem::getRequire():120}()
#16 /home/devonlinetestserver-gig/htdocs/gig.devonlinetestserver.com/vendor/laravel/framework/src/Illuminate/View/Engines/PhpEngine.php(57): Illuminate\\Filesystem\\Filesystem->getRequire()
#17 /home/devonlinetestserver-gig/htdocs/gig.devonlinetestserver.com/vendor/laravel/framework/src/Illuminate/View/Engines/CompilerEngine.php(76): Illuminate\\View\\Engines\\PhpEngine->evaluatePath()
#18 /home/devonlinetestserver-gig/htdocs/gig.devonlinetestserver.com/vendor/laravel/framework/src/Illuminate/View/View.php(208): Illuminate\\View\\Engines\\CompilerEngine->get()
#19 /home/devonlinetestserver-gig/htdocs/gig.devonlinetestserver.com/vendor/laravel/framework/src/Illuminate/View/View.php(191): Illuminate\\View\\View->getContents()
#20 /home/devonlinetestserver-gig/htdocs/gig.devonlinetestserver.com/vendor/laravel/framework/src/Illuminate/View/View.php(160): Illuminate\\View\\View->renderContents()
#21 /home/devonlinetestserver-gig/htdocs/gig.devonlinetestserver.com/vendor/laravel/framework/src/Illuminate/Http/Response.php(78): Illuminate\\View\\View->render()
#22 /home/devonlinetestserver-gig/htdocs/gig.devonlinetestserver.com/vendor/laravel/framework/src/Illuminate/Http/Response.php(34): Illuminate\\Http\\Response->setContent()
#23 /home/devonlinetestserver-gig/htdocs/gig.devonlinetestserver.com/vendor/laravel/framework/src/Illuminate/Routing/ResponseFactory.php(61): Illuminate\\Http\\Response->__construct()
#24 /home/devonlinetestserver-gig/htdocs/gig.devonlinetestserver.com/vendor/laravel/framework/src/Illuminate/Routing/ResponseFactory.php(91): Illuminate\\Routing\\ResponseFactory->make()
#25 /home/devonlinetestserver-gig/htdocs/gig.devonlinetestserver.com/vendor/laravel/framework/src/Illuminate/Foundation/Exceptions/Handler.php(927): Illuminate\\Routing\\ResponseFactory->view()
#26 /home/devonlinetestserver-gig/htdocs/gig.devonlinetestserver.com/vendor/laravel/framework/src/Illuminate/Foundation/Exceptions/Handler.php(848): Illuminate\\Foundation\\Exceptions\\Handler->renderHttpException()
#27 /home/devonlinetestserver-gig/htdocs/gig.devonlinetestserver.com/vendor/laravel/framework/src/Illuminate/Foundation/Exceptions/Handler.php(739): Illuminate\\Foundation\\Exceptions\\Handler->prepareResponse()
#28 /home/devonlinetestserver-gig/htdocs/gig.devonlinetestserver.com/vendor/laravel/framework/src/Illuminate/Foundation/Exceptions/Handler.php(627): Illuminate\\Foundation\\Exceptions\\Handler->renderExceptionResponse()
#29 /home/devonlinetestserver-gig/htdocs/gig.devonlinetestserver.com/vendor/laravel/framework/src/Illuminate/Routing/Pipeline.php(51): Illuminate\\Foundation\\Exceptions\\Handler->render()
#30 /home/devonlinetestserver-gig/htdocs/gig.devonlinetestserver.com/vendor/laravel/framework/src/Illuminate/Pipeline/Pipeline.php(182): Illuminate\\Routing\\Pipeline->handleException()
#31 /home/devonlinetestserver-gig/htdocs/gig.devonlinetestserver.com/app/Http/Middleware/UpdateLastActivity.php(20): Illuminate\\Pipeline\\Pipeline->{closure:Illuminate\\Pipeline\\Pipeline::prepareDestination():178}()
#32 /home/devonlinetestserver-gig/htdocs/gig.devonlinetestserver.com/vendor/laravel/framework/src/Illuminate/Pipeline/Pipeline.php(219): App\\Http\\Middleware\\UpdateLastActivity->handle()
#33 /home/devonlinetestserver-gig/htdocs/gig.devonlinetestserver.com/vendor/laravel/framework/src/Illuminate/Foundation/Http/Middleware/TransformsRequest.php(21): Illuminate\\Pipeline\\Pipeline->{closure:{closure:Illuminate\\Pipeline\\Pipeline::carry():194}:195}()
#34 /home/devonlinetestserver-gig/htdocs/gig.devonlinetestserver.com/vendor/laravel/framework/src/Illuminate/Foundation/Http/Middleware/ConvertEmptyStringsToNull.php(31): Illuminate\\Foundation\\Http\\Middleware\\TransformsRequest->handle()
#35 /home/devonlinetestserver-gig/htdocs/gig.devonlinetestserver.com/vendor/laravel/framework/src/Illuminate/Pipeline/Pipeline.php(219): Illuminate\\Foundation\\Http\\Middleware\\ConvertEmptyStringsToNull->handle()
#36 /home/devonlinetestserver-gig/htdocs/gig.devonlinetestserver.com/vendor/laravel/framework/src/Illuminate/Foundation/Http/Middleware/TransformsRequest.php(21): Illuminate\\Pipeline\\Pipeline->{closure:{closure:Illuminate\\Pipeline\\Pipeline::carry():194}:195}()
#37 /home/devonlinetestserver-gig/htdocs/gig.devonlinetestserver.com/vendor/laravel/framework/src/Illuminate/Foundation/Http/Middleware/TrimStrings.php(51): Illuminate\\Foundation\\Http\\Middleware\\TransformsRequest->handle()
#38 /home/devonlinetestserver-gig/htdocs/gig.devonlinetestserver.com/vendor/laravel/framework/src/Illuminate/Pipeline/Pipeline.php(219): Illuminate\\Foundation\\Http\\Middleware\\TrimStrings->handle()
#39 /home/devonlinetestserver-gig/htdocs/gig.devonlinetestserver.com/vendor/laravel/framework/src/Illuminate/Http/Middleware/ValidatePostSize.php(27): Illuminate\\Pipeline\\Pipeline->{closure:{closure:Illuminate\\Pipeline\\Pipeline::carry():194}:195}()
#40 /home/devonlinetestserver-gig/htdocs/gig.devonlinetestserver.com/vendor/laravel/framework/src/Illuminate/Pipeline/Pipeline.php(219): Illuminate\\Http\\Middleware\\ValidatePostSize->handle()
#41 /home/devonlinetestserver-gig/htdocs/gig.devonlinetestserver.com/vendor/laravel/framework/src/Illuminate/Foundation/Http/Middleware/PreventRequestsDuringMaintenance.php(109): Illuminate\\Pipeline\\Pipeline->{closure:{closure:Illuminate\\Pipeline\\Pipeline::carry():194}:195}()
#42 /home/devonlinetestserver-gig/htdocs/gig.devonlinetestserver.com/vendor/laravel/framework/src/Illuminate/Pipeline/Pipeline.php(219): Illuminate\\Foundation\\Http\\Middleware\\PreventRequestsDuringMaintenance->handle()
#43 /home/devonlinetestserver-gig/htdocs/gig.devonlinetestserver.com/vendor/laravel/framework/src/Illuminate/Http/Middleware/HandleCors.php(48): Illuminate\\Pipeline\\Pipeline->{closure:{closure:Illuminate\\Pipeline\\Pipeline::carry():194}:195}()
#44 /home/devonlinetestserver-gig/htdocs/gig.devonlinetestserver.com/vendor/laravel/framework/src/Illuminate/Pipeline/Pipeline.php(219): Illuminate\\Http\\Middleware\\HandleCors->handle()
#45 /home/devonlinetestserver-gig/htdocs/gig.devonlinetestserver.com/vendor/laravel/framework/src/Illuminate/Http/Middleware/TrustProxies.php(58): Illuminate\\Pipeline\\Pipeline->{closure:{closure:Illuminate\\Pipeline\\Pipeline::carry():194}:195}()
#46 /home/devonlinetestserver-gig/htdocs/gig.devonlinetestserver.com/vendor/laravel/framework/src/Illuminate/Pipeline/Pipeline.php(219): Illuminate\\Http\\Middleware\\TrustProxies->handle()
#47 /home/devonlinetestserver-gig/htdocs/gig.devonlinetestserver.com/vendor/laravel/framework/src/Illuminate/Foundation/Http/Middleware/InvokeDeferredCallbacks.php(22): Illuminate\\Pipeline\\Pipeline->{closure:{closure:Illuminate\\Pipeline\\Pipeline::carry():194}:195}()
#48 /home/devonlinetestserver-gig/htdocs/gig.devonlinetestserver.com/vendor/laravel/framework/src/Illuminate/Pipeline/Pipeline.php(219): Illuminate\\Foundation\\Http\\Middleware\\InvokeDeferredCallbacks->handle()
#49 /home/devonlinetestserver-gig/htdocs/gig.devonlinetestserver.com/vendor/laravel/framework/src/Illuminate/Http/Middleware/ValidatePathEncoding.php(26): Illuminate\\Pipeline\\Pipeline->{closure:{closure:Illuminate\\Pipeline\\Pipeline::carry():194}:195}()
#50 /home/devonlinetestserver-gig/htdocs/gig.devonlinetestserver.com/vendor/laravel/framework/src/Illuminate/Pipeline/Pipeline.php(219): Illuminate\\Http\\Middleware\\ValidatePathEncoding->handle()
#51 /home/devonlinetestserver-gig/htdocs/gig.devonlinetestserver.com/vendor/laravel/framework/src/Illuminate/Pipeline/Pipeline.php(137): Illuminate\\Pipeline\\Pipeline->{closure:{closure:Illuminate\\Pipeline\\Pipeline::carry():194}:195}()
#52 /home/devonlinetestserver-gig/htdocs/gig.devonlinetestserver.com/vendor/laravel/framework/src/Illuminate/Foundation/Http/Kernel.php(175): Illuminate\\Pipeline\\Pipeline->then()
#53 /home/devonlinetestserver-gig/htdocs/gig.devonlinetestserver.com/vendor/laravel/framework/src/Illuminate/Foundation/Http/Kernel.php(144): Illuminate\\Foundation\\Http\\Kernel->sendRequestThroughRouter()
#54 /home/devonlinetestserver-gig/htdocs/gig.devonlinetestserver.com/vendor/laravel/framework/src/Illuminate/Foundation/Application.php(1220): Illuminate\\Foundation\\Http\\Kernel->handle()
#55 /home/devonlinetestserver-gig/htdocs/gig.devonlinetestserver.com/public/index.php(20): Illuminate\\Foundation\\Application->handleRequest()
#56 {main}

[previous exception] [object] (PDOException(code: 1045): SQLSTATE[HY000] [1045] Access denied for user 'root'@'localhost' (using password: NO) at /home/devonlinetestserver-gig/htdocs/gig.devonlinetestserver.com/vendor/laravel/framework/src/Illuminate/Database/Connectors/Connector.php:67)
[stacktrace]
#0 /home/devonlinetestserver-gig/htdocs/gig.devonlinetestserver.com/vendor/laravel/framework/src/Illuminate/Database/Connectors/Connector.php(67): PDO::connect()
#1 /home/devonlinetestserver-gig/htdocs/gig.devonlinetestserver.com/vendor/laravel/framework/src/Illuminate/Database/Connectors/Connector.php(85): Illuminate\\Database\\Connectors\\Connector->createPdoConnection()
#2 /home/devonlinetestserver-gig/htdocs/gig.devonlinetestserver.com/vendor/laravel/framework/src/Illuminate/Database/Connectors/Connector.php(48): Illuminate\\Database\\Connectors\\Connector->tryAgainIfCausedByLostConnection()
#3 /home/devonlinetestserver-gig/htdocs/gig.devonlinetestserver.com/vendor/laravel/framework/src/Illuminate/Database/Connectors/MySqlConnector.php(24): Illuminate\\Database\\Connectors\\Connector->createConnection()
#4 /home/devonlinetestserver-gig/htdocs/gig.devonlinetestserver.com/vendor/laravel/framework/src/Illuminate/Database/Connectors/ConnectionFactory.php(184): Illuminate\\Database\\Connectors\\MySqlConnector->connect()
#5 [internal function]: Illuminate\\Database\\Connectors\\ConnectionFactory->{closure:Illuminate\\Database\\Connectors\\ConnectionFactory::createPdoResolverWithHosts():179}()
#6 /home/devonlinetestserver-gig/htdocs/gig.devonlinetestserver.com/vendor/laravel/framework/src/Illuminate/Database/Connection.php(1230): call_user_func()
#7 /home/devonlinetestserver-gig/htdocs/gig.devonlinetestserver.com/vendor/laravel/framework/src/Illuminate/Database/Connection.php(1266): Illuminate\\Database\\Connection->getPdo()
#8 /home/devonlinetestserver-gig/htdocs/gig.devonlinetestserver.com/vendor/laravel/framework/src/Illuminate/Database/Connection.php(511): Illuminate\\Database\\Connection->getReadPdo()
#9 /home/devonlinetestserver-gig/htdocs/gig.devonlinetestserver.com/vendor/laravel/framework/src/Illuminate/Database/Connection.php(406): Illuminate\\Database\\Connection->getPdoForSelect()
#10 /home/devonlinetestserver-gig/htdocs/gig.devonlinetestserver.com/vendor/laravel/framework/src/Illuminate/Database/Connection.php(811): Illuminate\\Database\\Connection->{closure:Illuminate\\Database\\Connection::select():397}()
#11 /home/devonlinetestserver-gig/htdocs/gig.devonlinetestserver.com/vendor/laravel/framework/src/Illuminate/Database/Connection.php(978): Illuminate\\Database\\Connection->runQueryCallback()
#12 /home/devonlinetestserver-gig/htdocs/gig.devonlinetestserver.com/vendor/laravel/framework/src/Illuminate/Database/Connection.php(957): Illuminate\\Database\\Connection->tryAgainIfCausedByLostConnection()
#13 /home/devonlinetestserver-gig/htdocs/gig.devonlinetestserver.com/vendor/laravel/framework/src/Illuminate/Database/Connection.php(780): Illuminate\\Database\\Connection->handleQueryException()
#14 /home/devonlinetestserver-gig/htdocs/gig.devonlinetestserver.com/vendor/laravel/framework/src/Illuminate/Database/Connection.php(397): Illuminate\\Database\\Connection->run()
#15 /home/devonlinetestserver-gig/htdocs/gig.devonlinetestserver.com/vendor/laravel/framework/src/Illuminate/Database/Connection.php(343): Illuminate\\Database\\Connection->select()
#16 /home/devonlinetestserver-gig/htdocs/gig.devonlinetestserver.com/vendor/laravel/framework/src/Illuminate/Database/Connection.php(360): Illuminate\\Database\\Connection->selectOne()
#17 /home/devonlinetestserver-gig/htdocs/gig.devonlinetestserver.com/vendor/laravel/framework/src/Illuminate/Database/Schema/Builder.php(174): Illuminate\\Database\\Connection->scalar()
#18 /home/devonlinetestserver-gig/htdocs/gig.devonlinetestserver.com/vendor/laravel/framework/src/Illuminate/Support/Facades/Facade.php(363): Illuminate\\Database\\Schema\\Builder->hasTable()
#19 /home/devonlinetestserver-gig/htdocs/gig.devonlinetestserver.com/vendor/spatie/laravel-translation-loader/src/TranslationLoaderManager.php(37): Illuminate\\Support\\Facades\\Facade::__callStatic()
#20 /home/devonlinetestserver-gig/htdocs/gig.devonlinetestserver.com/vendor/laravel/framework/src/Illuminate/Translation/Translator.php(334): Spatie\\TranslationLoader\\TranslationLoaderManager->load()
#21 /home/devonlinetestserver-gig/htdocs/gig.devonlinetestserver.com/vendor/laravel/framework/src/Illuminate/Translation/Translator.php(156): Illuminate\\Translation\\Translator->load()
#22 /home/devonlinetestserver-gig/htdocs/gig.devonlinetestserver.com/vendor/laravel/framework/src/Illuminate/Foundation/helpers.php(997): Illuminate\\Translation\\Translator->get()
#23 /home/devonlinetestserver-gig/htdocs/gig.devonlinetestserver.com/vendor/laravel/framework/src/Illuminate/Foundation/helpers.php(1029): trans()
#24 /home/devonlinetestserver-gig/htdocs/gig.devonlinetestserver.com/public/C:\\xampp\\htdocs\\gig_mob_app\\storage\\framework\\views/966bd2ec90741e5e0e36b92e0bd674d3.php(1): __()
#25 /home/devonlinetestserver-gig/htdocs/gig.devonlinetestserver.com/vendor/laravel/framework/src/Illuminate/Filesystem/Filesystem.php(123): require('...')
#26 /home/devonlinetestserver-gig/htdocs/gig.devonlinetestserver.com/vendor/laravel/framework/src/Illuminate/Filesystem/Filesystem.php(124): Illuminate\\Filesystem\\Filesystem::{closure:Illuminate\\Filesystem\\Filesystem::getRequire():120}()
#27 /home/devonlinetestserver-gig/htdocs/gig.devonlinetestserver.com/vendor/laravel/framework/src/Illuminate/View/Engines/PhpEngine.php(57): Illuminate\\Filesystem\\Filesystem->getRequire()
#28 /home/devonlinetestserver-gig/htdocs/gig.devonlinetestserver.com/vendor/laravel/framework/src/Illuminate/View/Engines/CompilerEngine.php(76): Illuminate\\View\\Engines\\PhpEngine->evaluatePath()
#29 /home/devonlinetestserver-gig/htdocs/gig.devonlinetestserver.com/vendor/laravel/framework/src/Illuminate/View/View.php(208): Illuminate\\View\\Engines\\CompilerEngine->get()
#30 /home/devonlinetestserver-gig/htdocs/gig.devonlinetestserver.com/vendor/laravel/framework/src/Illuminate/View/View.php(191): Illuminate\\View\\View->getContents()
#31 /home/devonlinetestserver-gig/htdocs/gig.devonlinetestserver.com/vendor/laravel/framework/src/Illuminate/View/View.php(160): Illuminate\\View\\View->renderContents()
#32 /home/devonlinetestserver-gig/htdocs/gig.devonlinetestserver.com/vendor/laravel/framework/src/Illuminate/Http/Response.php(78): Illuminate\\View\\View->render()
#33 /home/devonlinetestserver-gig/htdocs/gig.devonlinetestserver.com/vendor/laravel/framework/src/Illuminate/Http/Response.php(34): Illuminate\\Http\\Response->setContent()
#34 /home/devonlinetestserver-gig/htdocs/gig.devonlinetestserver.com/vendor/laravel/framework/src/Illuminate/Routing/ResponseFactory.php(61): Illuminate\\Http\\Response->__construct()
#35 /home/devonlinetestserver-gig/htdocs/gig.devonlinetestserver.com/vendor/laravel/framework/src/Illuminate/Routing/ResponseFactory.php(91): Illuminate\\Routing\\ResponseFactory->make()
#36 /home/devonlinetestserver-gig/htdocs/gig.devonlinetestserver.com/vendor/laravel/framework/src/Illuminate/Foundation/Exceptions/Handler.php(927): Illuminate\\Routing\\ResponseFactory->view()
#37 /home/devonlinetestserver-gig/htdocs/gig.devonlinetestserver.com/vendor/laravel/framework/src/Illuminate/Foundation/Exceptions/Handler.php(848): Illuminate\\Foundation\\Exceptions\\Handler->renderHttpException()
#38 /home/devonlinetestserver-gig/htdocs/gig.devonlinetestserver.com/vendor/laravel/framework/src/Illuminate/Foundation/Exceptions/Handler.php(739): Illuminate\\Foundation\\Exceptions\\Handler->prepareResponse()
#39 /home/devonlinetestserver-gig/htdocs/gig.devonlinetestserver.com/vendor/laravel/framework/src/Illuminate/Foundation/Exceptions/Handler.php(627): Illuminate\\Foundation\\Exceptions\\Handler->renderExceptionResponse()
#40 /home/devonlinetestserver-gig/htdocs/gig.devonlinetestserver.com/vendor/laravel/framework/src/Illuminate/Routing/Pipeline.php(51): Illuminate\\Foundation\\Exceptions\\Handler->render()
#41 /home/devonlinetestserver-gig/htdocs/gig.devonlinetestserver.com/vendor/laravel/framework/src/Illuminate/Pipeline/Pipeline.php(182): Illuminate\\Routing\\Pipeline->handleException()
#42 /home/devonlinetestserver-gig/htdocs/gig.devonlinetestserver.com/app/Http/Middleware/UpdateLastActivity.php(20): Illuminate\\Pipeline\\Pipeline->{closure:Illuminate\\Pipeline\\Pipeline::prepareDestination():178}()
#43 /home/devonlinetestserver-gig/htdocs/gig.devonlinetestserver.com/vendor/laravel/framework/src/Illuminate/Pipeline/Pipeline.php(219): App\\Http\\Middleware\\UpdateLastActivity->handle()
#44 /home/devonlinetestserver-gig/htdocs/gig.devonlinetestserver.com/vendor/laravel/framework/src/Illuminate/Foundation/Http/Middleware/TransformsRequest.php(21): Illuminate\\Pipeline\\Pipeline->{closure:{closure:Illuminate\\Pipeline\\Pipeline::carry():194}:195}()
#45 /home/devonlinetestserver-gig/htdocs/gig.devonlinetestserver.com/vendor/laravel/framework/src/Illuminate/Foundation/Http/Middleware/ConvertEmptyStringsToNull.php(31): Illuminate\\Foundation\\Http\\Middleware\\TransformsRequest->handle()
#46 /home/devonlinetestserver-gig/htdocs/gig.devonlinetestserver.com/vendor/laravel/framework/src/Illuminate/Pipeline/Pipeline.php(219): Illuminate\\Foundation\\Http\\Middleware\\ConvertEmptyStringsToNull->handle()
#47 /home/devonlinetestserver-gig/htdocs/gig.devonlinetestserver.com/vendor/laravel/framework/src/Illuminate/Foundation/Http/Middleware/TransformsRequest.php(21): Illuminate\\Pipeline\\Pipeline->{closure:{closure:Illuminate\\Pipeline\\Pipeline::carry():194}:195}()
#48 /home/devonlinetestserver-gig/htdocs/gig.devonlinetestserver.com/vendor/laravel/framework/src/Illuminate/Foundation/Http/Middleware/TrimStrings.php(51): Illuminate\\Foundation\\Http\\Middleware\\TransformsRequest->handle()
#49 /home/devonlinetestserver-gig/htdocs/gig.devonlinetestserver.com/vendor/laravel/framework/src/Illuminate/Pipeline/Pipeline.php(219): Illuminate\\Foundation\\Http\\Middleware\\TrimStrings->handle()
#50 /home/devonlinetestserver-gig/htdocs/gig.devonlinetestserver.com/vendor/laravel/framework/src/Illuminate/Http/Middleware/ValidatePostSize.php(27): Illuminate\\Pipeline\\Pipeline->{closure:{closure:Illuminate\\Pipeline\\Pipeline::carry():194}:195}()
#51 /home/devonlinetestserver-gig/htdocs/gig.devonlinetestserver.com/vendor/laravel/framework/src/Illuminate/Pipeline/Pipeline.php(219): Illuminate\\Http\\Middleware\\ValidatePostSize->handle()
#52 /home/devonlinetestserver-gig/htdocs/gig.devonlinetestserver.com/vendor/laravel/framework/src/Illuminate/Foundation/Http/Middleware/PreventRequestsDuringMaintenance.php(109): Illuminate\\Pipeline\\Pipeline->{closure:{closure:Illuminate\\Pipeline\\Pipeline::carry():194}:195}()
#53 /home/devonlinetestserver-gig/htdocs/gig.devonlinetestserver.com/vendor/laravel/framework/src/Illuminate/Pipeline/Pipeline.php(219): Illuminate\\Foundation\\Http\\Middleware\\PreventRequestsDuringMaintenance->handle()
#54 /home/devonlinetestserver-gig/htdocs/gig.devonlinetestserver.com/vendor/laravel/framework/src/Illuminate/Http/Middleware/HandleCors.php(48): Illuminate\\Pipeline\\Pipeline->{closure:{closure:Illuminate\\Pipeline\\Pipeline::carry():194}:195}()
#55 /home/devonlinetestserver-gig/htdocs/gig.devonlinetestserver.com/vendor/laravel/framework/src/Illuminate/Pipeline/Pipeline.php(219): Illuminate\\Http\\Middleware\\HandleCors->handle()
#56 /home/devonlinetestserver-gig/htdocs/gig.devonlinetestserver.com/vendor/laravel/framework/src/Illuminate/Http/Middleware/TrustProxies.php(58): Illuminate\\Pipeline\\Pipeline->{closure:{closure:Illuminate\\Pipeline\\Pipeline::carry():194}:195}()
#57 /home/devonlinetestserver-gig/htdocs/gig.devonlinetestserver.com/vendor/laravel/framework/src/Illuminate/Pipeline/Pipeline.php(219): Illuminate\\Http\\Middleware\\TrustProxies->handle()
#58 /home/devonlinetestserver-gig/htdocs/gig.devonlinetestserver.com/vendor/laravel/framework/src/Illuminate/Foundation/Http/Middleware/InvokeDeferredCallbacks.php(22): Illuminate\\Pipeline\\Pipeline->{closure:{closure:Illuminate\\Pipeline\\Pipeline::carry():194}:195}()
#59 /home/devonlinetestserver-gig/htdocs/gig.devonlinetestserver.com/vendor/laravel/framework/src/Illuminate/Pipeline/Pipeline.php(219): Illuminate\\Foundation\\Http\\Middleware\\InvokeDeferredCallbacks->handle()
#60 /home/devonlinetestserver-gig/htdocs/gig.devonlinetestserver.com/vendor/laravel/framework/src/Illuminate/Http/Middleware/ValidatePathEncoding.php(26): Illuminate\\Pipeline\\Pipeline->{closure:{closure:Illuminate\\Pipeline\\Pipeline::carry():194}:195}()
#61 /home/devonlinetestserver-gig/htdocs/gig.devonlinetestserver.com/vendor/laravel/framework/src/Illuminate/Pipeline/Pipeline.php(219): Illuminate\\Http\\Middleware\\ValidatePathEncoding->handle()
#62 /home/devonlinetestserver-gig/htdocs/gig.devonlinetestserver.com/vendor/laravel/framework/src/Illuminate/Pipeline/Pipeline.php(137): Illuminate\\Pipeline\\Pipeline->{closure:{closure:Illuminate\\Pipeline\\Pipeline::carry():194}:195}()
#63 /home/devonlinetestserver-gig/htdocs/gig.devonlinetestserver.com/vendor/laravel/framework/src/Illuminate/Foundation/Http/Kernel.php(175): Illuminate\\Pipeline\\Pipeline->then()
#64 /home/devonlinetestserver-gig/htdocs/gig.devonlinetestserver.com/vendor/laravel/framework/src/Illuminate/Foundation/Http/Kernel.php(144): Illuminate\\Foundation\\Http\\Kernel->sendRequestThroughRouter()
#65 /home/devonlinetestserver-gig/htdocs/gig.devonlinetestserver.com/vendor/laravel/framework/src/Illuminate/Foundation/Application.php(1220): Illuminate\\Foundation\\Http\\Kernel->handle()
#66 /home/devonlinetestserver-gig/htdocs/gig.devonlinetestserver.com/public/index.php(20): Illuminate\\Foundation\\Application->handleRequest()
#67 {main}
"} 
[2025-10-01 21:43:40] local.ERROR: SQLSTATE[HY000] [1045] Access denied for user 'root'@'localhost' (using password: NO) (Connection: mysql, SQL: select exists (select 1 from information_schema.tables where table_schema = schema() and table_name = 'language_lines' and table_type in ('BASE TABLE', 'SYSTEM VERSIONED')) as `exists`) (View: /home/devonlinetestserver-gig/htdocs/gig.devonlinetestserver.com/vendor/laravel/framework/src/Illuminate/Foundation/Exceptions/views/404.blade.php) {"exception":"[object] (Illuminate\\View\\ViewException(code: 0): SQLSTATE[HY000] [1045] Access denied for user 'root'@'localhost' (using password: NO) (Connection: mysql, SQL: select exists (select 1 from information_schema.tables where table_schema = schema() and table_name = 'language_lines' and table_type in ('BASE TABLE', 'SYSTEM VERSIONED')) as `exists`) (View: /home/devonlinetestserver-gig/htdocs/gig.devonlinetestserver.com/vendor/laravel/framework/src/Illuminate/Foundation/Exceptions/views/404.blade.php) at /home/devonlinetestserver-gig/htdocs/gig.devonlinetestserver.com/vendor/laravel/framework/src/Illuminate/Database/Connection.php:824)
[stacktrace]
#0 /home/devonlinetestserver-gig/htdocs/gig.devonlinetestserver.com/vendor/laravel/framework/src/Illuminate/View/Engines/PhpEngine.php(59): Illuminate\\View\\Engines\\CompilerEngine->handleViewException()
#1 /home/devonlinetestserver-gig/htdocs/gig.devonlinetestserver.com/vendor/laravel/framework/src/Illuminate/View/Engines/CompilerEngine.php(76): Illuminate\\View\\Engines\\PhpEngine->evaluatePath()
#2 /home/devonlinetestserver-gig/htdocs/gig.devonlinetestserver.com/vendor/laravel/framework/src/Illuminate/View/View.php(208): Illuminate\\View\\Engines\\CompilerEngine->get()
#3 /home/devonlinetestserver-gig/htdocs/gig.devonlinetestserver.com/vendor/laravel/framework/src/Illuminate/View/View.php(191): Illuminate\\View\\View->getContents()
#4 /home/devonlinetestserver-gig/htdocs/gig.devonlinetestserver.com/vendor/laravel/framework/src/Illuminate/View/View.php(160): Illuminate\\View\\View->renderContents()
#5 /home/devonlinetestserver-gig/htdocs/gig.devonlinetestserver.com/vendor/laravel/framework/src/Illuminate/Http/Response.php(78): Illuminate\\View\\View->render()
#6 /home/devonlinetestserver-gig/htdocs/gig.devonlinetestserver.com/vendor/laravel/framework/src/Illuminate/Http/Response.php(34): Illuminate\\Http\\Response->setContent()
#7 /home/devonlinetestserver-gig/htdocs/gig.devonlinetestserver.com/vendor/laravel/framework/src/Illuminate/Routing/ResponseFactory.php(61): Illuminate\\Http\\Response->__construct()
#8 /home/devonlinetestserver-gig/htdocs/gig.devonlinetestserver.com/vendor/laravel/framework/src/Illuminate/Routing/ResponseFactory.php(91): Illuminate\\Routing\\ResponseFactory->make()
#9 /home/devonlinetestserver-gig/htdocs/gig.devonlinetestserver.com/vendor/laravel/framework/src/Illuminate/Foundation/Exceptions/Handler.php(927): Illuminate\\Routing\\ResponseFactory->view()
#10 /home/devonlinetestserver-gig/htdocs/gig.devonlinetestserver.com/vendor/laravel/framework/src/Illuminate/Foundation/Exceptions/Handler.php(848): Illuminate\\Foundation\\Exceptions\\Handler->renderHttpException()
#11 /home/devonlinetestserver-gig/htdocs/gig.devonlinetestserver.com/vendor/laravel/framework/src/Illuminate/Foundation/Exceptions/Handler.php(739): Illuminate\\Foundation\\Exceptions\\Handler->prepareResponse()
#12 /home/devonlinetestserver-gig/htdocs/gig.devonlinetestserver.com/vendor/laravel/framework/src/Illuminate/Foundation/Exceptions/Handler.php(627): Illuminate\\Foundation\\Exceptions\\Handler->renderExceptionResponse()
#13 /home/devonlinetestserver-gig/htdocs/gig.devonlinetestserver.com/vendor/laravel/framework/src/Illuminate/Routing/Pipeline.php(51): Illuminate\\Foundation\\Exceptions\\Handler->render()
#14 /home/devonlinetestserver-gig/htdocs/gig.devonlinetestserver.com/vendor/laravel/framework/src/Illuminate/Pipeline/Pipeline.php(182): Illuminate\\Routing\\Pipeline->handleException()
#15 /home/devonlinetestserver-gig/htdocs/gig.devonlinetestserver.com/app/Http/Middleware/UpdateLastActivity.php(20): Illuminate\\Pipeline\\Pipeline->{closure:Illuminate\\Pipeline\\Pipeline::prepareDestination():178}()
#16 /home/devonlinetestserver-gig/htdocs/gig.devonlinetestserver.com/vendor/laravel/framework/src/Illuminate/Pipeline/Pipeline.php(219): App\\Http\\Middleware\\UpdateLastActivity->handle()
#17 /home/devonlinetestserver-gig/htdocs/gig.devonlinetestserver.com/vendor/laravel/framework/src/Illuminate/Foundation/Http/Middleware/TransformsRequest.php(21): Illuminate\\Pipeline\\Pipeline->{closure:{closure:Illuminate\\Pipeline\\Pipeline::carry():194}:195}()
#18 /home/devonlinetestserver-gig/htdocs/gig.devonlinetestserver.com/vendor/laravel/framework/src/Illuminate/Foundation/Http/Middleware/ConvertEmptyStringsToNull.php(31): Illuminate\\Foundation\\Http\\Middleware\\TransformsRequest->handle()
#19 /home/devonlinetestserver-gig/htdocs/gig.devonlinetestserver.com/vendor/laravel/framework/src/Illuminate/Pipeline/Pipeline.php(219): Illuminate\\Foundation\\Http\\Middleware\\ConvertEmptyStringsToNull->handle()
#20 /home/devonlinetestserver-gig/htdocs/gig.devonlinetestserver.com/vendor/laravel/framework/src/Illuminate/Foundation/Http/Middleware/TransformsRequest.php(21): Illuminate\\Pipeline\\Pipeline->{closure:{closure:Illuminate\\Pipeline\\Pipeline::carry():194}:195}()
#21 /home/devonlinetestserver-gig/htdocs/gig.devonlinetestserver.com/vendor/laravel/framework/src/Illuminate/Foundation/Http/Middleware/TrimStrings.php(51): Illuminate\\Foundation\\Http\\Middleware\\TransformsRequest->handle()
#22 /home/devonlinetestserver-gig/htdocs/gig.devonlinetestserver.com/vendor/laravel/framework/src/Illuminate/Pipeline/Pipeline.php(219): Illuminate\\Foundation\\Http\\Middleware\\TrimStrings->handle()
#23 /home/devonlinetestserver-gig/htdocs/gig.devonlinetestserver.com/vendor/laravel/framework/src/Illuminate/Http/Middleware/ValidatePostSize.php(27): Illuminate\\Pipeline\\Pipeline->{closure:{closure:Illuminate\\Pipeline\\Pipeline::carry():194}:195}()
#24 /home/devonlinetestserver-gig/htdocs/gig.devonlinetestserver.com/vendor/laravel/framework/src/Illuminate/Pipeline/Pipeline.php(219): Illuminate\\Http\\Middleware\\ValidatePostSize->handle()
#25 /home/devonlinetestserver-gig/htdocs/gig.devonlinetestserver.com/vendor/laravel/framework/src/Illuminate/Foundation/Http/Middleware/PreventRequestsDuringMaintenance.php(109): Illuminate\\Pipeline\\Pipeline->{closure:{closure:Illuminate\\Pipeline\\Pipeline::carry():194}:195}()
#26 /home/devonlinetestserver-gig/htdocs/gig.devonlinetestserver.com/vendor/laravel/framework/src/Illuminate/Pipeline/Pipeline.php(219): Illuminate\\Foundation\\Http\\Middleware\\PreventRequestsDuringMaintenance->handle()
#27 /home/devonlinetestserver-gig/htdocs/gig.devonlinetestserver.com/vendor/laravel/framework/src/Illuminate/Http/Middleware/HandleCors.php(48): Illuminate\\Pipeline\\Pipeline->{closure:{closure:Illuminate\\Pipeline\\Pipeline::carry():194}:195}()
#28 /home/devonlinetestserver-gig/htdocs/gig.devonlinetestserver.com/vendor/laravel/framework/src/Illuminate/Pipeline/Pipeline.php(219): Illuminate\\Http\\Middleware\\HandleCors->handle()
#29 /home/devonlinetestserver-gig/htdocs/gig.devonlinetestserver.com/vendor/laravel/framework/src/Illuminate/Http/Middleware/TrustProxies.php(58): Illuminate\\Pipeline\\Pipeline->{closure:{closure:Illuminate\\Pipeline\\Pipeline::carry():194}:195}()
#30 /home/devonlinetestserver-gig/htdocs/gig.devonlinetestserver.com/vendor/laravel/framework/src/Illuminate/Pipeline/Pipeline.php(219): Illuminate\\Http\\Middleware\\TrustProxies->handle()
#31 /home/devonlinetestserver-gig/htdocs/gig.devonlinetestserver.com/vendor/laravel/framework/src/Illuminate/Foundation/Http/Middleware/InvokeDeferredCallbacks.php(22): Illuminate\\Pipeline\\Pipeline->{closure:{closure:Illuminate\\Pipeline\\Pipeline::carry():194}:195}()
#32 /home/devonlinetestserver-gig/htdocs/gig.devonlinetestserver.com/vendor/laravel/framework/src/Illuminate/Pipeline/Pipeline.php(219): Illuminate\\Foundation\\Http\\Middleware\\InvokeDeferredCallbacks->handle()
#33 /home/devonlinetestserver-gig/htdocs/gig.devonlinetestserver.com/vendor/laravel/framework/src/Illuminate/Http/Middleware/ValidatePathEncoding.php(26): Illuminate\\Pipeline\\Pipeline->{closure:{closure:Illuminate\\Pipeline\\Pipeline::carry():194}:195}()
#34 /home/devonlinetestserver-gig/htdocs/gig.devonlinetestserver.com/vendor/laravel/framework/src/Illuminate/Pipeline/Pipeline.php(219): Illuminate\\Http\\Middleware\\ValidatePathEncoding->handle()
#35 /home/devonlinetestserver-gig/htdocs/gig.devonlinetestserver.com/vendor/laravel/framework/src/Illuminate/Pipeline/Pipeline.php(137): Illuminate\\Pipeline\\Pipeline->{closure:{closure:Illuminate\\Pipeline\\Pipeline::carry():194}:195}()
#36 /home/devonlinetestserver-gig/htdocs/gig.devonlinetestserver.com/vendor/laravel/framework/src/Illuminate/Foundation/Http/Kernel.php(175): Illuminate\\Pipeline\\Pipeline->then()
#37 /home/devonlinetestserver-gig/htdocs/gig.devonlinetestserver.com/vendor/laravel/framework/src/Illuminate/Foundation/Http/Kernel.php(144): Illuminate\\Foundation\\Http\\Kernel->sendRequestThroughRouter()
#38 /home/devonlinetestserver-gig/htdocs/gig.devonlinetestserver.com/vendor/laravel/framework/src/Illuminate/Foundation/Application.php(1220): Illuminate\\Foundation\\Http\\Kernel->handle()
#39 /home/devonlinetestserver-gig/htdocs/gig.devonlinetestserver.com/public/index.php(20): Illuminate\\Foundation\\Application->handleRequest()
#40 {main}

[previous exception] [object] (Illuminate\\Database\\QueryException(code: 1045): SQLSTATE[HY000] [1045] Access denied for user 'root'@'localhost' (using password: NO) (Connection: mysql, SQL: select exists (select 1 from information_schema.tables where table_schema = schema() and table_name = 'language_lines' and table_type in ('BASE TABLE', 'SYSTEM VERSIONED')) as `exists`) at /home/devonlinetestserver-gig/htdocs/gig.devonlinetestserver.com/vendor/laravel/framework/src/Illuminate/Database/Connection.php:824)
[stacktrace]
#0 /home/devonlinetestserver-gig/htdocs/gig.devonlinetestserver.com/vendor/laravel/framework/src/Illuminate/Database/Connection.php(978): Illuminate\\Database\\Connection->runQueryCallback()
#1 /home/devonlinetestserver-gig/htdocs/gig.devonlinetestserver.com/vendor/laravel/framework/src/Illuminate/Database/Connection.php(957): Illuminate\\Database\\Connection->tryAgainIfCausedByLostConnection()
#2 /home/devonlinetestserver-gig/htdocs/gig.devonlinetestserver.com/vendor/laravel/framework/src/Illuminate/Database/Connection.php(780): Illuminate\\Database\\Connection->handleQueryException()
#3 /home/devonlinetestserver-gig/htdocs/gig.devonlinetestserver.com/vendor/laravel/framework/src/Illuminate/Database/Connection.php(397): Illuminate\\Database\\Connection->run()
#4 /home/devonlinetestserver-gig/htdocs/gig.devonlinetestserver.com/vendor/laravel/framework/src/Illuminate/Database/Connection.php(343): Illuminate\\Database\\Connection->select()
#5 /home/devonlinetestserver-gig/htdocs/gig.devonlinetestserver.com/vendor/laravel/framework/src/Illuminate/Database/Connection.php(360): Illuminate\\Database\\Connection->selectOne()
#6 /home/devonlinetestserver-gig/htdocs/gig.devonlinetestserver.com/vendor/laravel/framework/src/Illuminate/Database/Schema/Builder.php(174): Illuminate\\Database\\Connection->scalar()
#7 /home/devonlinetestserver-gig/htdocs/gig.devonlinetestserver.com/vendor/laravel/framework/src/Illuminate/Support/Facades/Facade.php(363): Illuminate\\Database\\Schema\\Builder->hasTable()
#8 /home/devonlinetestserver-gig/htdocs/gig.devonlinetestserver.com/vendor/spatie/laravel-translation-loader/src/TranslationLoaderManager.php(37): Illuminate\\Support\\Facades\\Facade::__callStatic()
#9 /home/devonlinetestserver-gig/htdocs/gig.devonlinetestserver.com/vendor/laravel/framework/src/Illuminate/Translation/Translator.php(334): Spatie\\TranslationLoader\\TranslationLoaderManager->load()
#10 /home/devonlinetestserver-gig/htdocs/gig.devonlinetestserver.com/vendor/laravel/framework/src/Illuminate/Translation/Translator.php(156): Illuminate\\Translation\\Translator->load()
#11 /home/devonlinetestserver-gig/htdocs/gig.devonlinetestserver.com/vendor/laravel/framework/src/Illuminate/Foundation/helpers.php(997): Illuminate\\Translation\\Translator->get()
#12 /home/devonlinetestserver-gig/htdocs/gig.devonlinetestserver.com/vendor/laravel/framework/src/Illuminate/Foundation/helpers.php(1029): trans()
#13 /home/devonlinetestserver-gig/htdocs/gig.devonlinetestserver.com/public/C:\\xampp\\htdocs\\gig_mob_app\\storage\\framework\\views/966bd2ec90741e5e0e36b92e0bd674d3.php(1): __()
#14 /home/devonlinetestserver-gig/htdocs/gig.devonlinetestserver.com/vendor/laravel/framework/src/Illuminate/Filesystem/Filesystem.php(123): require('...')
#15 /home/devonlinetestserver-gig/htdocs/gig.devonlinetestserver.com/vendor/laravel/framework/src/Illuminate/Filesystem/Filesystem.php(124): Illuminate\\Filesystem\\Filesystem::{closure:Illuminate\\Filesystem\\Filesystem::getRequire():120}()
#16 /home/devonlinetestserver-gig/htdocs/gig.devonlinetestserver.com/vendor/laravel/framework/src/Illuminate/View/Engines/PhpEngine.php(57): Illuminate\\Filesystem\\Filesystem->getRequire()
#17 /home/devonlinetestserver-gig/htdocs/gig.devonlinetestserver.com/vendor/laravel/framework/src/Illuminate/View/Engines/CompilerEngine.php(76): Illuminate\\View\\Engines\\PhpEngine->evaluatePath()
#18 /home/devonlinetestserver-gig/htdocs/gig.devonlinetestserver.com/vendor/laravel/framework/src/Illuminate/View/View.php(208): Illuminate\\View\\Engines\\CompilerEngine->get()
#19 /home/devonlinetestserver-gig/htdocs/gig.devonlinetestserver.com/vendor/laravel/framework/src/Illuminate/View/View.php(191): Illuminate\\View\\View->getContents()
#20 /home/devonlinetestserver-gig/htdocs/gig.devonlinetestserver.com/vendor/laravel/framework/src/Illuminate/View/View.php(160): Illuminate\\View\\View->renderContents()
#21 /home/devonlinetestserver-gig/htdocs/gig.devonlinetestserver.com/vendor/laravel/framework/src/Illuminate/Http/Response.php(78): Illuminate\\View\\View->render()
#22 /home/devonlinetestserver-gig/htdocs/gig.devonlinetestserver.com/vendor/laravel/framework/src/Illuminate/Http/Response.php(34): Illuminate\\Http\\Response->setContent()
#23 /home/devonlinetestserver-gig/htdocs/gig.devonlinetestserver.com/vendor/laravel/framework/src/Illuminate/Routing/ResponseFactory.php(61): Illuminate\\Http\\Response->__construct()
#24 /home/devonlinetestserver-gig/htdocs/gig.devonlinetestserver.com/vendor/laravel/framework/src/Illuminate/Routing/ResponseFactory.php(91): Illuminate\\Routing\\ResponseFactory->make()
#25 /home/devonlinetestserver-gig/htdocs/gig.devonlinetestserver.com/vendor/laravel/framework/src/Illuminate/Foundation/Exceptions/Handler.php(927): Illuminate\\Routing\\ResponseFactory->view()
#26 /home/devonlinetestserver-gig/htdocs/gig.devonlinetestserver.com/vendor/laravel/framework/src/Illuminate/Foundation/Exceptions/Handler.php(848): Illuminate\\Foundation\\Exceptions\\Handler->renderHttpException()
#27 /home/devonlinetestserver-gig/htdocs/gig.devonlinetestserver.com/vendor/laravel/framework/src/Illuminate/Foundation/Exceptions/Handler.php(739): Illuminate\\Foundation\\Exceptions\\Handler->prepareResponse()
#28 /home/devonlinetestserver-gig/htdocs/gig.devonlinetestserver.com/vendor/laravel/framework/src/Illuminate/Foundation/Exceptions/Handler.php(627): Illuminate\\Foundation\\Exceptions\\Handler->renderExceptionResponse()
#29 /home/devonlinetestserver-gig/htdocs/gig.devonlinetestserver.com/vendor/laravel/framework/src/Illuminate/Routing/Pipeline.php(51): Illuminate\\Foundation\\Exceptions\\Handler->render()
#30 /home/devonlinetestserver-gig/htdocs/gig.devonlinetestserver.com/vendor/laravel/framework/src/Illuminate/Pipeline/Pipeline.php(182): Illuminate\\Routing\\Pipeline->handleException()
#31 /home/devonlinetestserver-gig/htdocs/gig.devonlinetestserver.com/app/Http/Middleware/UpdateLastActivity.php(20): Illuminate\\Pipeline\\Pipeline->{closure:Illuminate\\Pipeline\\Pipeline::prepareDestination():178}()
#32 /home/devonlinetestserver-gig/htdocs/gig.devonlinetestserver.com/vendor/laravel/framework/src/Illuminate/Pipeline/Pipeline.php(219): App\\Http\\Middleware\\UpdateLastActivity->handle()
#33 /home/devonlinetestserver-gig/htdocs/gig.devonlinetestserver.com/vendor/laravel/framework/src/Illuminate/Foundation/Http/Middleware/TransformsRequest.php(21): Illuminate\\Pipeline\\Pipeline->{closure:{closure:Illuminate\\Pipeline\\Pipeline::carry():194}:195}()
#34 /home/devonlinetestserver-gig/htdocs/gig.devonlinetestserver.com/vendor/laravel/framework/src/Illuminate/Foundation/Http/Middleware/ConvertEmptyStringsToNull.php(31): Illuminate\\Foundation\\Http\\Middleware\\TransformsRequest->handle()
#35 /home/devonlinetestserver-gig/htdocs/gig.devonlinetestserver.com/vendor/laravel/framework/src/Illuminate/Pipeline/Pipeline.php(219): Illuminate\\Foundation\\Http\\Middleware\\ConvertEmptyStringsToNull->handle()
#36 /home/devonlinetestserver-gig/htdocs/gig.devonlinetestserver.com/vendor/laravel/framework/src/Illuminate/Foundation/Http/Middleware/TransformsRequest.php(21): Illuminate\\Pipeline\\Pipeline->{closure:{closure:Illuminate\\Pipeline\\Pipeline::carry():194}:195}()
#37 /home/devonlinetestserver-gig/htdocs/gig.devonlinetestserver.com/vendor/laravel/framework/src/Illuminate/Foundation/Http/Middleware/TrimStrings.php(51): Illuminate\\Foundation\\Http\\Middleware\\TransformsRequest->handle()
#38 /home/devonlinetestserver-gig/htdocs/gig.devonlinetestserver.com/vendor/laravel/framework/src/Illuminate/Pipeline/Pipeline.php(219): Illuminate\\Foundation\\Http\\Middleware\\TrimStrings->handle()
#39 /home/devonlinetestserver-gig/htdocs/gig.devonlinetestserver.com/vendor/laravel/framework/src/Illuminate/Http/Middleware/ValidatePostSize.php(27): Illuminate\\Pipeline\\Pipeline->{closure:{closure:Illuminate\\Pipeline\\Pipeline::carry():194}:195}()
#40 /home/devonlinetestserver-gig/htdocs/gig.devonlinetestserver.com/vendor/laravel/framework/src/Illuminate/Pipeline/Pipeline.php(219): Illuminate\\Http\\Middleware\\ValidatePostSize->handle()
#41 /home/devonlinetestserver-gig/htdocs/gig.devonlinetestserver.com/vendor/laravel/framework/src/Illuminate/Foundation/Http/Middleware/PreventRequestsDuringMaintenance.php(109): Illuminate\\Pipeline\\Pipeline->{closure:{closure:Illuminate\\Pipeline\\Pipeline::carry():194}:195}()
#42 /home/devonlinetestserver-gig/htdocs/gig.devonlinetestserver.com/vendor/laravel/framework/src/Illuminate/Pipeline/Pipeline.php(219): Illuminate\\Foundation\\Http\\Middleware\\PreventRequestsDuringMaintenance->handle()
#43 /home/devonlinetestserver-gig/htdocs/gig.devonlinetestserver.com/vendor/laravel/framework/src/Illuminate/Http/Middleware/HandleCors.php(48): Illuminate\\Pipeline\\Pipeline->{closure:{closure:Illuminate\\Pipeline\\Pipeline::carry():194}:195}()
#44 /home/devonlinetestserver-gig/htdocs/gig.devonlinetestserver.com/vendor/laravel/framework/src/Illuminate/Pipeline/Pipeline.php(219): Illuminate\\Http\\Middleware\\HandleCors->handle()
#45 /home/devonlinetestserver-gig/htdocs/gig.devonlinetestserver.com/vendor/laravel/framework/src/Illuminate/Http/Middleware/TrustProxies.php(58): Illuminate\\Pipeline\\Pipeline->{closure:{closure:Illuminate\\Pipeline\\Pipeline::carry():194}:195}()
#46 /home/devonlinetestserver-gig/htdocs/gig.devonlinetestserver.com/vendor/laravel/framework/src/Illuminate/Pipeline/Pipeline.php(219): Illuminate\\Http\\Middleware\\TrustProxies->handle()
#47 /home/devonlinetestserver-gig/htdocs/gig.devonlinetestserver.com/vendor/laravel/framework/src/Illuminate/Foundation/Http/Middleware/InvokeDeferredCallbacks.php(22): Illuminate\\Pipeline\\Pipeline->{closure:{closure:Illuminate\\Pipeline\\Pipeline::carry():194}:195}()
#48 /home/devonlinetestserver-gig/htdocs/gig.devonlinetestserver.com/vendor/laravel/framework/src/Illuminate/Pipeline/Pipeline.php(219): Illuminate\\Foundation\\Http\\Middleware\\InvokeDeferredCallbacks->handle()
#49 /home/devonlinetestserver-gig/htdocs/gig.devonlinetestserver.com/vendor/laravel/framework/src/Illuminate/Http/Middleware/ValidatePathEncoding.php(26): Illuminate\\Pipeline\\Pipeline->{closure:{closure:Illuminate\\Pipeline\\Pipeline::carry():194}:195}()
#50 /home/devonlinetestserver-gig/htdocs/gig.devonlinetestserver.com/vendor/laravel/framework/src/Illuminate/Pipeline/Pipeline.php(219): Illuminate\\Http\\Middleware\\ValidatePathEncoding->handle()
#51 /home/devonlinetestserver-gig/htdocs/gig.devonlinetestserver.com/vendor/laravel/framework/src/Illuminate/Pipeline/Pipeline.php(137): Illuminate\\Pipeline\\Pipeline->{closure:{closure:Illuminate\\Pipeline\\Pipeline::carry():194}:195}()
#52 /home/devonlinetestserver-gig/htdocs/gig.devonlinetestserver.com/vendor/laravel/framework/src/Illuminate/Foundation/Http/Kernel.php(175): Illuminate\\Pipeline\\Pipeline->then()
#53 /home/devonlinetestserver-gig/htdocs/gig.devonlinetestserver.com/vendor/laravel/framework/src/Illuminate/Foundation/Http/Kernel.php(144): Illuminate\\Foundation\\Http\\Kernel->sendRequestThroughRouter()
#54 /home/devonlinetestserver-gig/htdocs/gig.devonlinetestserver.com/vendor/laravel/framework/src/Illuminate/Foundation/Application.php(1220): Illuminate\\Foundation\\Http\\Kernel->handle()
#55 /home/devonlinetestserver-gig/htdocs/gig.devonlinetestserver.com/public/index.php(20): Illuminate\\Foundation\\Application->handleRequest()
#56 {main}

[previous exception] [object] (PDOException(code: 1045): SQLSTATE[HY000] [1045] Access denied for user 'root'@'localhost' (using password: NO) at /home/devonlinetestserver-gig/htdocs/gig.devonlinetestserver.com/vendor/laravel/framework/src/Illuminate/Database/Connectors/Connector.php:67)
[stacktrace]
#0 /home/devonlinetestserver-gig/htdocs/gig.devonlinetestserver.com/vendor/laravel/framework/src/Illuminate/Database/Connectors/Connector.php(67): PDO::connect()
#1 /home/devonlinetestserver-gig/htdocs/gig.devonlinetestserver.com/vendor/laravel/framework/src/Illuminate/Database/Connectors/Connector.php(85): Illuminate\\Database\\Connectors\\Connector->createPdoConnection()
#2 /home/devonlinetestserver-gig/htdocs/gig.devonlinetestserver.com/vendor/laravel/framework/src/Illuminate/Database/Connectors/Connector.php(48): Illuminate\\Database\\Connectors\\Connector->tryAgainIfCausedByLostConnection()
#3 /home/devonlinetestserver-gig/htdocs/gig.devonlinetestserver.com/vendor/laravel/framework/src/Illuminate/Database/Connectors/MySqlConnector.php(24): Illuminate\\Database\\Connectors\\Connector->createConnection()
#4 /home/devonlinetestserver-gig/htdocs/gig.devonlinetestserver.com/vendor/laravel/framework/src/Illuminate/Database/Connectors/ConnectionFactory.php(184): Illuminate\\Database\\Connectors\\MySqlConnector->connect()
#5 [internal function]: Illuminate\\Database\\Connectors\\ConnectionFactory->{closure:Illuminate\\Database\\Connectors\\ConnectionFactory::createPdoResolverWithHosts():179}()
#6 /home/devonlinetestserver-gig/htdocs/gig.devonlinetestserver.com/vendor/laravel/framework/src/Illuminate/Database/Connection.php(1230): call_user_func()
#7 /home/devonlinetestserver-gig/htdocs/gig.devonlinetestserver.com/vendor/laravel/framework/src/Illuminate/Database/Connection.php(1266): Illuminate\\Database\\Connection->getPdo()
#8 /home/devonlinetestserver-gig/htdocs/gig.devonlinetestserver.com/vendor/laravel/framework/src/Illuminate/Database/Connection.php(511): Illuminate\\Database\\Connection->getReadPdo()
#9 /home/devonlinetestserver-gig/htdocs/gig.devonlinetestserver.com/vendor/laravel/framework/src/Illuminate/Database/Connection.php(406): Illuminate\\Database\\Connection->getPdoForSelect()
#10 /home/devonlinetestserver-gig/htdocs/gig.devonlinetestserver.com/vendor/laravel/framework/src/Illuminate/Database/Connection.php(811): Illuminate\\Database\\Connection->{closure:Illuminate\\Database\\Connection::select():397}()
#11 /home/devonlinetestserver-gig/htdocs/gig.devonlinetestserver.com/vendor/laravel/framework/src/Illuminate/Database/Connection.php(978): Illuminate\\Database\\Connection->runQueryCallback()
#12 /home/devonlinetestserver-gig/htdocs/gig.devonlinetestserver.com/vendor/laravel/framework/src/Illuminate/Database/Connection.php(957): Illuminate\\Database\\Connection->tryAgainIfCausedByLostConnection()
#13 /home/devonlinetestserver-gig/htdocs/gig.devonlinetestserver.com/vendor/laravel/framework/src/Illuminate/Database/Connection.php(780): Illuminate\\Database\\Connection->handleQueryException()
#14 /home/devonlinetestserver-gig/htdocs/gig.devonlinetestserver.com/vendor/laravel/framework/src/Illuminate/Database/Connection.php(397): Illuminate\\Database\\Connection->run()
#15 /home/devonlinetestserver-gig/htdocs/gig.devonlinetestserver.com/vendor/laravel/framework/src/Illuminate/Database/Connection.php(343): Illuminate\\Database\\Connection->select()
#16 /home/devonlinetestserver-gig/htdocs/gig.devonlinetestserver.com/vendor/laravel/framework/src/Illuminate/Database/Connection.php(360): Illuminate\\Database\\Connection->selectOne()
#17 /home/devonlinetestserver-gig/htdocs/gig.devonlinetestserver.com/vendor/laravel/framework/src/Illuminate/Database/Schema/Builder.php(174): Illuminate\\Database\\Connection->scalar()
#18 /home/devonlinetestserver-gig/htdocs/gig.devonlinetestserver.com/vendor/laravel/framework/src/Illuminate/Support/Facades/Facade.php(363): Illuminate\\Database\\Schema\\Builder->hasTable()
#19 /home/devonlinetestserver-gig/htdocs/gig.devonlinetestserver.com/vendor/spatie/laravel-translation-loader/src/TranslationLoaderManager.php(37): Illuminate\\Support\\Facades\\Facade::__callStatic()
#20 /home/devonlinetestserver-gig/htdocs/gig.devonlinetestserver.com/vendor/laravel/framework/src/Illuminate/Translation/Translator.php(334): Spatie\\TranslationLoader\\TranslationLoaderManager->load()
#21 /home/devonlinetestserver-gig/htdocs/gig.devonlinetestserver.com/vendor/laravel/framework/src/Illuminate/Translation/Translator.php(156): Illuminate\\Translation\\Translator->load()
#22 /home/devonlinetestserver-gig/htdocs/gig.devonlinetestserver.com/vendor/laravel/framework/src/Illuminate/Foundation/helpers.php(997): Illuminate\\Translation\\Translator->get()
#23 /home/devonlinetestserver-gig/htdocs/gig.devonlinetestserver.com/vendor/laravel/framework/src/Illuminate/Foundation/helpers.php(1029): trans()
#24 /home/devonlinetestserver-gig/htdocs/gig.devonlinetestserver.com/public/C:\\xampp\\htdocs\\gig_mob_app\\storage\\framework\\views/966bd2ec90741e5e0e36b92e0bd674d3.php(1): __()
#25 /home/devonlinetestserver-gig/htdocs/gig.devonlinetestserver.com/vendor/laravel/framework/src/Illuminate/Filesystem/Filesystem.php(123): require('...')
#26 /home/devonlinetestserver-gig/htdocs/gig.devonlinetestserver.com/vendor/laravel/framework/src/Illuminate/Filesystem/Filesystem.php(124): Illuminate\\Filesystem\\Filesystem::{closure:Illuminate\\Filesystem\\Filesystem::getRequire():120}()
#27 /home/devonlinetestserver-gig/htdocs/gig.devonlinetestserver.com/vendor/laravel/framework/src/Illuminate/View/Engines/PhpEngine.php(57): Illuminate\\Filesystem\\Filesystem->getRequire()
#28 /home/devonlinetestserver-gig/htdocs/gig.devonlinetestserver.com/vendor/laravel/framework/src/Illuminate/View/Engines/CompilerEngine.php(76): Illuminate\\View\\Engines\\PhpEngine->evaluatePath()
#29 /home/devonlinetestserver-gig/htdocs/gig.devonlinetestserver.com/vendor/laravel/framework/src/Illuminate/View/View.php(208): Illuminate\\View\\Engines\\CompilerEngine->get()
#30 /home/devonlinetestserver-gig/htdocs/gig.devonlinetestserver.com/vendor/laravel/framework/src/Illuminate/View/View.php(191): Illuminate\\View\\View->getContents()
#31 /home/devonlinetestserver-gig/htdocs/gig.devonlinetestserver.com/vendor/laravel/framework/src/Illuminate/View/View.php(160): Illuminate\\View\\View->renderContents()
#32 /home/devonlinetestserver-gig/htdocs/gig.devonlinetestserver.com/vendor/laravel/framework/src/Illuminate/Http/Response.php(78): Illuminate\\View\\View->render()
#33 /home/devonlinetestserver-gig/htdocs/gig.devonlinetestserver.com/vendor/laravel/framework/src/Illuminate/Http/Response.php(34): Illuminate\\Http\\Response->setContent()
#34 /home/devonlinetestserver-gig/htdocs/gig.devonlinetestserver.com/vendor/laravel/framework/src/Illuminate/Routing/ResponseFactory.php(61): Illuminate\\Http\\Response->__construct()
#35 /home/devonlinetestserver-gig/htdocs/gig.devonlinetestserver.com/vendor/laravel/framework/src/Illuminate/Routing/ResponseFactory.php(91): Illuminate\\Routing\\ResponseFactory->make()
#36 /home/devonlinetestserver-gig/htdocs/gig.devonlinetestserver.com/vendor/laravel/framework/src/Illuminate/Foundation/Exceptions/Handler.php(927): Illuminate\\Routing\\ResponseFactory->view()
#37 /home/devonlinetestserver-gig/htdocs/gig.devonlinetestserver.com/vendor/laravel/framework/src/Illuminate/Foundation/Exceptions/Handler.php(848): Illuminate\\Foundation\\Exceptions\\Handler->renderHttpException()
#38 /home/devonlinetestserver-gig/htdocs/gig.devonlinetestserver.com/vendor/laravel/framework/src/Illuminate/Foundation/Exceptions/Handler.php(739): Illuminate\\Foundation\\Exceptions\\Handler->prepareResponse()
#39 /home/devonlinetestserver-gig/htdocs/gig.devonlinetestserver.com/vendor/laravel/framework/src/Illuminate/Foundation/Exceptions/Handler.php(627): Illuminate\\Foundation\\Exceptions\\Handler->renderExceptionResponse()
#40 /home/devonlinetestserver-gig/htdocs/gig.devonlinetestserver.com/vendor/laravel/framework/src/Illuminate/Routing/Pipeline.php(51): Illuminate\\Foundation\\Exceptions\\Handler->render()
#41 /home/devonlinetestserver-gig/htdocs/gig.devonlinetestserver.com/vendor/laravel/framework/src/Illuminate/Pipeline/Pipeline.php(182): Illuminate\\Routing\\Pipeline->handleException()
#42 /home/devonlinetestserver-gig/htdocs/gig.devonlinetestserver.com/app/Http/Middleware/UpdateLastActivity.php(20): Illuminate\\Pipeline\\Pipeline->{closure:Illuminate\\Pipeline\\Pipeline::prepareDestination():178}()
#43 /home/devonlinetestserver-gig/htdocs/gig.devonlinetestserver.com/vendor/laravel/framework/src/Illuminate/Pipeline/Pipeline.php(219): App\\Http\\Middleware\\UpdateLastActivity->handle()
#44 /home/devonlinetestserver-gig/htdocs/gig.devonlinetestserver.com/vendor/laravel/framework/src/Illuminate/Foundation/Http/Middleware/TransformsRequest.php(21): Illuminate\\Pipeline\\Pipeline->{closure:{closure:Illuminate\\Pipeline\\Pipeline::carry():194}:195}()
#45 /home/devonlinetestserver-gig/htdocs/gig.devonlinetestserver.com/vendor/laravel/framework/src/Illuminate/Foundation/Http/Middleware/ConvertEmptyStringsToNull.php(31): Illuminate\\Foundation\\Http\\Middleware\\TransformsRequest->handle()
#46 /home/devonlinetestserver-gig/htdocs/gig.devonlinetestserver.com/vendor/laravel/framework/src/Illuminate/Pipeline/Pipeline.php(219): Illuminate\\Foundation\\Http\\Middleware\\ConvertEmptyStringsToNull->handle()
#47 /home/devonlinetestserver-gig/htdocs/gig.devonlinetestserver.com/vendor/laravel/framework/src/Illuminate/Foundation/Http/Middleware/TransformsRequest.php(21): Illuminate\\Pipeline\\Pipeline->{closure:{closure:Illuminate\\Pipeline\\Pipeline::carry():194}:195}()
#48 /home/devonlinetestserver-gig/htdocs/gig.devonlinetestserver.com/vendor/laravel/framework/src/Illuminate/Foundation/Http/Middleware/TrimStrings.php(51): Illuminate\\Foundation\\Http\\Middleware\\TransformsRequest->handle()
#49 /home/devonlinetestserver-gig/htdocs/gig.devonlinetestserver.com/vendor/laravel/framework/src/Illuminate/Pipeline/Pipeline.php(219): Illuminate\\Foundation\\Http\\Middleware\\TrimStrings->handle()
#50 /home/devonlinetestserver-gig/htdocs/gig.devonlinetestserver.com/vendor/laravel/framework/src/Illuminate/Http/Middleware/ValidatePostSize.php(27): Illuminate\\Pipeline\\Pipeline->{closure:{closure:Illuminate\\Pipeline\\Pipeline::carry():194}:195}()
#51 /home/devonlinetestserver-gig/htdocs/gig.devonlinetestserver.com/vendor/laravel/framework/src/Illuminate/Pipeline/Pipeline.php(219): Illuminate\\Http\\Middleware\\ValidatePostSize->handle()
#52 /home/devonlinetestserver-gig/htdocs/gig.devonlinetestserver.com/vendor/laravel/framework/src/Illuminate/Foundation/Http/Middleware/PreventRequestsDuringMaintenance.php(109): Illuminate\\Pipeline\\Pipeline->{closure:{closure:Illuminate\\Pipeline\\Pipeline::carry():194}:195}()
#53 /home/devonlinetestserver-gig/htdocs/gig.devonlinetestserver.com/vendor/laravel/framework/src/Illuminate/Pipeline/Pipeline.php(219): Illuminate\\Foundation\\Http\\Middleware\\PreventRequestsDuringMaintenance->handle()
#54 /home/devonlinetestserver-gig/htdocs/gig.devonlinetestserver.com/vendor/laravel/framework/src/Illuminate/Http/Middleware/HandleCors.php(48): Illuminate\\Pipeline\\Pipeline->{closure:{closure:Illuminate\\Pipeline\\Pipeline::carry():194}:195}()
#55 /home/devonlinetestserver-gig/htdocs/gig.devonlinetestserver.com/vendor/laravel/framework/src/Illuminate/Pipeline/Pipeline.php(219): Illuminate\\Http\\Middleware\\HandleCors->handle()
#56 /home/devonlinetestserver-gig/htdocs/gig.devonlinetestserver.com/vendor/laravel/framework/src/Illuminate/Http/Middleware/TrustProxies.php(58): Illuminate\\Pipeline\\Pipeline->{closure:{closure:Illuminate\\Pipeline\\Pipeline::carry():194}:195}()
#57 /home/devonlinetestserver-gig/htdocs/gig.devonlinetestserver.com/vendor/laravel/framework/src/Illuminate/Pipeline/Pipeline.php(219): Illuminate\\Http\\Middleware\\TrustProxies->handle()
#58 /home/devonlinetestserver-gig/htdocs/gig.devonlinetestserver.com/vendor/laravel/framework/src/Illuminate/Foundation/Http/Middleware/InvokeDeferredCallbacks.php(22): Illuminate\\Pipeline\\Pipeline->{closure:{closure:Illuminate\\Pipeline\\Pipeline::carry():194}:195}()
#59 /home/devonlinetestserver-gig/htdocs/gig.devonlinetestserver.com/vendor/laravel/framework/src/Illuminate/Pipeline/Pipeline.php(219): Illuminate\\Foundation\\Http\\Middleware\\InvokeDeferredCallbacks->handle()
#60 /home/devonlinetestserver-gig/htdocs/gig.devonlinetestserver.com/vendor/laravel/framework/src/Illuminate/Http/Middleware/ValidatePathEncoding.php(26): Illuminate\\Pipeline\\Pipeline->{closure:{closure:Illuminate\\Pipeline\\Pipeline::carry():194}:195}()
#61 /home/devonlinetestserver-gig/htdocs/gig.devonlinetestserver.com/vendor/laravel/framework/src/Illuminate/Pipeline/Pipeline.php(219): Illuminate\\Http\\Middleware\\ValidatePathEncoding->handle()
#62 /home/devonlinetestserver-gig/htdocs/gig.devonlinetestserver.com/vendor/laravel/framework/src/Illuminate/Pipeline/Pipeline.php(137): Illuminate\\Pipeline\\Pipeline->{closure:{closure:Illuminate\\Pipeline\\Pipeline::carry():194}:195}()
#63 /home/devonlinetestserver-gig/htdocs/gig.devonlinetestserver.com/vendor/laravel/framework/src/Illuminate/Foundation/Http/Kernel.php(175): Illuminate\\Pipeline\\Pipeline->then()
#64 /home/devonlinetestserver-gig/htdocs/gig.devonlinetestserver.com/vendor/laravel/framework/src/Illuminate/Foundation/Http/Kernel.php(144): Illuminate\\Foundation\\Http\\Kernel->sendRequestThroughRouter()
#65 /home/devonlinetestserver-gig/htdocs/gig.devonlinetestserver.com/vendor/laravel/framework/src/Illuminate/Foundation/Application.php(1220): Illuminate\\Foundation\\Http\\Kernel->handle()
#66 /home/devonlinetestserver-gig/htdocs/gig.devonlinetestserver.com/public/index.php(20): Illuminate\\Foundation\\Application->handleRequest()
#67 {main}
"} 
